Using pre-set license
Built from '2021.1/staging' branch; Version is '2021.1.6f1 (c0fade0cc7e9) revision 12647134'; Using compiler version '192528614'; Build Type 'Release'
OS: 'Windows 10 Enterprise; OS build 19041.1052; Version 2004; 64bit' Language: 'en' Physical Memory: 32683 MB
BatchMode: 1, IsHumanControllingUs: 0, StartBugReporterOnCrash: 0, Is64bit: 1, IsPro: 0

 COMMAND LINE ARGUMENTS:
C:\Program Files\Unity 2021.1.6f1\Editor\Unity.exe
-adb2
-batchMode
-noUpm
-name
AssetImportWorker0
-projectPath
C:/Users/amcdougall3/Downloads/SoccerThingRepo-main/SoccerThingRepo-main
-logFile
Logs/AssetImportWorker0.log
-srvPort
54877
Successfully changed project path to: C:/Users/amcdougall3/Downloads/SoccerThingRepo-main/SoccerThingRepo-main
C:/Users/amcdougall3/Downloads/SoccerThingRepo-main/SoccerThingRepo-main
Using Asset Import Pipeline V2.
Refreshing native plugins compatible for Editor in 75.35 ms, found 1 plugins.
Preloading 0 native plugins for Editor in 0.00 ms.
Initialize engine version: 2021.1.6f1 (c0fade0cc7e9)
[Subsystems] Discovering subsystems at path C:/Program Files/Unity 2021.1.6f1/Editor/Data/Resources/UnitySubsystems
[Subsystems] Discovering subsystems at path C:/Users/amcdougall3/Downloads/SoccerThingRepo-main/SoccerThingRepo-main/Assets
GfxDevice: creating device client; threaded=0; jobified=0
Direct3D:
    Version:  Direct3D 11.0 [level 11.1]
    Renderer: NVIDIA GeForce GTX 980 (ID=0x13c0)
    Vendor:   NVIDIA
    VRAM:     4053 MB
    Driver:   27.21.14.5671
Initialize mono
Mono path[0] = 'C:/Program Files/Unity 2021.1.6f1/Editor/Data/Managed'
Mono path[1] = 'C:/Program Files/Unity 2021.1.6f1/Editor/Data/MonoBleedingEdge/lib/mono/unityjit'
Mono config path = 'C:/Program Files/Unity 2021.1.6f1/Editor/Data/MonoBleedingEdge/etc'
Using monoOptions --debugger-agent=transport=dt_socket,embedding=1,server=y,suspend=n,address=127.0.0.1:56412
Begin MonoManager ReloadAssembly
Registering precompiled unity dll's ...
Register platform support module: C:/Program Files/Unity 2021.1.6f1/Editor/Data/PlaybackEngines/WindowsStandaloneSupport/UnityEditor.WindowsStandalone.Extensions.dll
Registered in 0.002332 seconds.
Native extension for WindowsStandalone target not found
Refreshing native plugins compatible for Editor in 95.80 ms, found 1 plugins.
Preloading 0 native plugins for Editor in 0.00 ms.
Mono: successfully reloaded assembly
- Completed reload, in  1.518 seconds
Platform modules already initialized, skipping
Registering precompiled user dll's ...
Registered in 0.005869 seconds.
Begin MonoManager ReloadAssembly
Native extension for WindowsStandalone target not found
Refreshing native plugins compatible for Editor in 0.56 ms, found 1 plugins.
Preloading 0 native plugins for Editor in 0.00 ms.
Mono: successfully reloaded assembly
- Completed reload, in  1.024 seconds
Platform modules already initialized, skipping
========================================================================
Worker process is ready to serve import requests
Launched and connected shader compiler UnityShaderCompiler.exe after 0.07 seconds
Refreshing native plugins compatible for Editor in 0.79 ms, found 1 plugins.
Preloading 0 native plugins for Editor in 0.00 ms.
Unloading 2673 Unused Serialized files (Serialized files now loaded: 0)
System memory in use before: 98.1 MB.
System memory in use after: 98.3 MB.

Unloading 14 unused Assets to reduce memory usage. Loaded Objects now: 3126.
Total: 2.217700 ms (FindLiveObjects: 0.221100 ms CreateObjectMapping: 0.103000 ms MarkObjects: 1.824500 ms  DeleteObjects: 0.068200 ms)

========================================================================
Received Import Request.
  path: Assets/Scripts
  artifactKey: Guid(9e79db03fc9bebe4bab187322683f0ba) Importer(815301076,1909f56bfc062723c751e8b465ee728b)
Start importing Assets/Scripts using Guid(9e79db03fc9bebe4bab187322683f0ba) Importer(815301076,1909f56bfc062723c751e8b465ee728b)  -> (artifact id: '1844453298d89f3f89f275e346659e49') in 0.007485 seconds 
========================================================================
Received Import Request.
  Time since last request: 9.957652 seconds.
  path: Assets/Scenes/SampleScene.unity
  artifactKey: Guid(9fc0d4010bbf28b4594072e72b8655ab) Importer(815301076,1909f56bfc062723c751e8b465ee728b)
Start importing Assets/Scenes/SampleScene.unity using Guid(9fc0d4010bbf28b4594072e72b8655ab) Importer(815301076,1909f56bfc062723c751e8b465ee728b)  -> (artifact id: '4b6612a0ba4ec710d4dc160167348e0c') in 0.011816 seconds 
========================================================================
Received Import Request.
  Time since last request: 50.846849 seconds.
  path: Assets/Models/Goalpost.fbx
  artifactKey: Guid(a05a9faeff312f349bdc0830f52b7bc0) Importer(815301076,1909f56bfc062723c751e8b465ee728b)
Start importing Assets/Models/Goalpost.fbx using Guid(a05a9faeff312f349bdc0830f52b7bc0) Importer(815301076,1909f56bfc062723c751e8b465ee728b)  -> (artifact id: '0aa4a00df37be2abbeeb0d78644f3d31') in 0.155252 seconds 
========================================================================
Received Import Request.
  Time since last request: 0.000374 seconds.
  path: Assets/Models/Stands.fbx
  artifactKey: Guid(802ac2332f8594140bfe9f1018bea94d) Importer(815301076,1909f56bfc062723c751e8b465ee728b)
Start importing Assets/Models/Stands.fbx using Guid(802ac2332f8594140bfe9f1018bea94d) Importer(815301076,1909f56bfc062723c751e8b465ee728b)  -> (artifact id: 'c0d3f02165dd4fbe5527884602ab4057') in 0.026146 seconds 
========================================================================
Received Import Request.
  Time since last request: 0.000371 seconds.
  path: Assets/Models/Whistle.fbx
  artifactKey: Guid(bfef781f4df2d794685fba2e4c28f70a) Importer(815301076,1909f56bfc062723c751e8b465ee728b)
Start importing Assets/Models/Whistle.fbx using Guid(bfef781f4df2d794685fba2e4c28f70a) Importer(815301076,1909f56bfc062723c751e8b465ee728b)  -> (artifact id: '5cbf96166d545a509cb76aff9b1c0055') in 0.046525 seconds 
========================================================================
Received Import Request.
  Time since last request: 4.483479 seconds.
  path: Assets/Materials/Ball.mat
  artifactKey: Guid(f1894419970d8204e961f14edf33815d) Importer(815301076,1909f56bfc062723c751e8b465ee728b)
Start importing Assets/Materials/Ball.mat using Guid(f1894419970d8204e961f14edf33815d) Importer(815301076,1909f56bfc062723c751e8b465ee728b)  -> (artifact id: '8b2089686bdacc41ae856b4df125d58c') in 0.013212 seconds 
========================================================================
Received Import Request.
  Time since last request: 0.000318 seconds.
  path: Assets/Materials/Player.mat
  artifactKey: Guid(733b12415cceec44b852b6e9a92c25bc) Importer(815301076,1909f56bfc062723c751e8b465ee728b)
Start importing Assets/Materials/Player.mat using Guid(733b12415cceec44b852b6e9a92c25bc) Importer(815301076,1909f56bfc062723c751e8b465ee728b)  -> (artifact id: '7078b4c796a8c4f7354a205fddface6e') in 0.009701 seconds 
========================================================================
Received Import Request.
  Time since last request: 0.000410 seconds.
  path: Assets/Materials/Stands.mat
  artifactKey: Guid(85f671ddffb74ab47ae57cd86e144673) Importer(815301076,1909f56bfc062723c751e8b465ee728b)
Start importing Assets/Materials/Stands.mat using Guid(85f671ddffb74ab47ae57cd86e144673) Importer(815301076,1909f56bfc062723c751e8b465ee728b)  -> (artifact id: '8bb03e5e133220f5556b8056b4e4b356') in 0.008979 seconds 
========================================================================
Received Import Request.
  Time since last request: 0.000439 seconds.
  path: Assets/Materials/Crowd2.mat
  artifactKey: Guid(6cc770af99855c5489f950caabf7acb7) Importer(815301076,1909f56bfc062723c751e8b465ee728b)
Start importing Assets/Materials/Crowd2.mat using Guid(6cc770af99855c5489f950caabf7acb7) Importer(815301076,1909f56bfc062723c751e8b465ee728b)  -> (artifact id: 'b23d826a3fdfe59bc212cb3910194190') in 0.009601 seconds 
========================================================================
Received Import Request.
  Time since last request: 0.000438 seconds.
  path: Assets/Materials/GoalPostColour.mat
  artifactKey: Guid(4ab37ac5b9f72b44db8eb96ee8f05077) Importer(815301076,1909f56bfc062723c751e8b465ee728b)
Start importing Assets/Materials/GoalPostColour.mat using Guid(4ab37ac5b9f72b44db8eb96ee8f05077) Importer(815301076,1909f56bfc062723c751e8b465ee728b)  -> (artifact id: 'e81a5b7af948e9fd32c6c8e4bf0893ed') in 0.008738 seconds 
========================================================================
Received Import Request.
  Time since last request: 0.000432 seconds.
  path: Assets/Materials/Umpire.mat
  artifactKey: Guid(a9d903e6029d5cc4b8f7de22480fd5e1) Importer(815301076,1909f56bfc062723c751e8b465ee728b)
Start importing Assets/Materials/Umpire.mat using Guid(a9d903e6029d5cc4b8f7de22480fd5e1) Importer(815301076,1909f56bfc062723c751e8b465ee728b)  -> (artifact id: 'b3a30fd6586cfaeb557c33b382d45c85') in 0.010884 seconds 
========================================================================
Received Import Request.
  Time since last request: 0.000337 seconds.
  path: Assets/Materials/FieldColour.mat
  artifactKey: Guid(d4b0b2e887fc9044686f2183ea453ee1) Importer(815301076,1909f56bfc062723c751e8b465ee728b)
Start importing Assets/Materials/FieldColour.mat using Guid(d4b0b2e887fc9044686f2183ea453ee1) Importer(815301076,1909f56bfc062723c751e8b465ee728b)  -> (artifact id: '6016a37c5977714ca23bd3bbec8ed272') in 0.009029 seconds 
========================================================================
Received Import Request.
  Time since last request: 0.000465 seconds.
  path: Assets/Materials/Crowd1.mat
  artifactKey: Guid(e5bb670bf9fe53847a70d737909ba3ca) Importer(815301076,1909f56bfc062723c751e8b465ee728b)
Start importing Assets/Materials/Crowd1.mat using Guid(e5bb670bf9fe53847a70d737909ba3ca) Importer(815301076,1909f56bfc062723c751e8b465ee728b)  -> (artifact id: 'a114aba88192ab1bd86e24886c2d2bb2') in 0.009722 seconds 
========================================================================
Received Import Request.
  Time since last request: 58.599022 seconds.
  path: Assets/Models/Whistle.prefab
  artifactKey: Guid(60d730217c47aaf4899ccd2a27263d87) Importer(815301076,1909f56bfc062723c751e8b465ee728b)
Start importing Assets/Models/Whistle.prefab using Guid(60d730217c47aaf4899ccd2a27263d87) Importer(815301076,1909f56bfc062723c751e8b465ee728b)  -> (artifact id: '6a7e5987c72fadbfd625f2e07416257a') in 0.014308 seconds 
========================================================================
Received Prepare
Registering precompiled user dll's ...
Registered in 0.007939 seconds.
Begin MonoManager ReloadAssembly
Native extension for WindowsStandalone target not found
Refreshing native plugins compatible for Editor in 0.50 ms, found 1 plugins.
Preloading 0 native plugins for Editor in 0.00 ms.
Mono: successfully reloaded assembly
- Completed reload, in  0.972 seconds
Platform modules already initialized, skipping
Refreshing native plugins compatible for Editor in 0.82 ms, found 1 plugins.
Preloading 0 native plugins for Editor in 0.00 ms.
Unloading 2667 Unused Serialized files (Serialized files now loaded: 0)
System memory in use before: 102.0 MB.
System memory in use after: 102.2 MB.

Unloading 9 unused Assets to reduce memory usage. Loaded Objects now: 3172.
Total: 2.363900 ms (FindLiveObjects: 0.222700 ms CreateObjectMapping: 0.139400 ms MarkObjects: 1.968700 ms  DeleteObjects: 0.031900 ms)

========================================================================
Received Prepare
Registering precompiled user dll's ...
Registered in 0.005790 seconds.
Begin MonoManager ReloadAssembly
Native extension for WindowsStandalone target not found
Refreshing native plugins compatible for Editor in 0.61 ms, found 1 plugins.
Preloading 0 native plugins for Editor in 0.00 ms.
Mono: successfully reloaded assembly
- Completed reload, in  0.937 seconds
Platform modules already initialized, skipping
Refreshing native plugins compatible for Editor in 0.63 ms, found 1 plugins.
Preloading 0 native plugins for Editor in 0.00 ms.
Unloading 2667 Unused Serialized files (Serialized files now loaded: 0)
System memory in use before: 102.1 MB.
System memory in use after: 102.3 MB.

Unloading 9 unused Assets to reduce memory usage. Loaded Objects now: 3175.
Total: 1.982600 ms (FindLiveObjects: 0.197500 ms CreateObjectMapping: 0.112600 ms MarkObjects: 1.627300 ms  DeleteObjects: 0.029700 ms)

========================================================================
Received Import Request.
  Time since last request: 67.423874 seconds.
  path: Assets/Scripts/Umpire.cs
  artifactKey: Guid(af16f95e298222c459c58b3f3fd487ff) Importer(815301076,1909f56bfc062723c751e8b465ee728b)
Start importing Assets/Scripts/Umpire.cs using Guid(af16f95e298222c459c58b3f3fd487ff) Importer(815301076,1909f56bfc062723c751e8b465ee728b)  -> (artifact id: '2c30815a5f36171f465739bd7b549db7') in 0.009766 seconds 
========================================================================
Received Prepare
Registering precompiled user dll's ...
Registered in 0.006048 seconds.
Begin MonoManager ReloadAssembly
Native extension for WindowsStandalone target not found
Refreshing native plugins compatible for Editor in 0.55 ms, found 1 plugins.
Preloading 0 native plugins for Editor in 0.00 ms.
Mono: successfully reloaded assembly
- Completed reload, in  0.939 seconds
Platform modules already initialized, skipping
Refreshing native plugins compatible for Editor in 0.47 ms, found 1 plugins.
Preloading 0 native plugins for Editor in 0.00 ms.
Unloading 2667 Unused Serialized files (Serialized files now loaded: 0)
System memory in use before: 102.1 MB.
System memory in use after: 102.3 MB.

Unloading 9 unused Assets to reduce memory usage. Loaded Objects now: 3178.
Total: 3.056100 ms (FindLiveObjects: 0.334600 ms CreateObjectMapping: 0.270900 ms MarkObjects: 2.405800 ms  DeleteObjects: 0.043800 ms)

========================================================================
Received Import Request.
  Time since last request: 96.828965 seconds.
  path: Assets/Scripts/WhistleEditor.cs
  artifactKey: Guid(8d2c7d2f36f27e64495b44f24e5e717b) Importer(815301076,1909f56bfc062723c751e8b465ee728b)
Start importing Assets/Scripts/WhistleEditor.cs using Guid(8d2c7d2f36f27e64495b44f24e5e717b) Importer(815301076,1909f56bfc062723c751e8b465ee728b)  -> (artifact id: 'd5c9ab5da1ad016c4bdba6754519b1e2') in 0.006994 seconds 
========================================================================
Received Prepare
Registering precompiled user dll's ...
Registered in 0.005117 seconds.
Begin MonoManager ReloadAssembly
Native extension for WindowsStandalone target not found
Refreshing native plugins compatible for Editor in 0.86 ms, found 1 plugins.
Preloading 0 native plugins for Editor in 0.00 ms.
Mono: successfully reloaded assembly
- Completed reload, in  0.957 seconds
Platform modules already initialized, skipping
Refreshing native plugins compatible for Editor in 0.57 ms, found 1 plugins.
Preloading 0 native plugins for Editor in 0.00 ms.
Unloading 2668 Unused Serialized files (Serialized files now loaded: 0)
System memory in use before: 102.1 MB.
System memory in use after: 102.3 MB.

Unloading 9 unused Assets to reduce memory usage. Loaded Objects now: 3182.
Total: 2.332000 ms (FindLiveObjects: 0.211100 ms CreateObjectMapping: 0.095300 ms MarkObjects: 2.010900 ms  DeleteObjects: 0.013900 ms)

========================================================================
Received Import Request.
  Time since last request: 434.257317 seconds.
  path: Assets/Scripts/WhistleEditor.cs
  artifactKey: Guid(8d2c7d2f36f27e64495b44f24e5e717b) Importer(815301076,1909f56bfc062723c751e8b465ee728b)
Start importing Assets/Scripts/WhistleEditor.cs using Guid(8d2c7d2f36f27e64495b44f24e5e717b) Importer(815301076,1909f56bfc062723c751e8b465ee728b)  -> (artifact id: '0f8d3afe8e3948f0b262f8e23202e7c3') in 0.009013 seconds 
========================================================================
Received Import Request.
  Time since last request: 35.589174 seconds.
  path: Assets/Scripts/WhistleEditor.cs
  artifactKey: Guid(8d2c7d2f36f27e64495b44f24e5e717b) Importer(815301076,1909f56bfc062723c751e8b465ee728b)
Start importing Assets/Scripts/WhistleEditor.cs using Guid(8d2c7d2f36f27e64495b44f24e5e717b) Importer(815301076,1909f56bfc062723c751e8b465ee728b)  -> (artifact id: '34e51ae5170857c40a2bc56696a084c7') in 0.003471 seconds 
========================================================================
Received Prepare
Registering precompiled user dll's ...
Registered in 0.005758 seconds.
Begin MonoManager ReloadAssembly
Native extension for WindowsStandalone target not found
Refreshing native plugins compatible for Editor in 0.49 ms, found 1 plugins.
Preloading 0 native plugins for Editor in 0.00 ms.
Mono: successfully reloaded assembly
- Completed reload, in  0.955 seconds
Platform modules already initialized, skipping
Refreshing native plugins compatible for Editor in 0.50 ms, found 1 plugins.
Preloading 0 native plugins for Editor in 0.00 ms.
Unloading 2668 Unused Serialized files (Serialized files now loaded: 0)
System memory in use before: 102.1 MB.
System memory in use after: 102.4 MB.

Unloading 9 unused Assets to reduce memory usage. Loaded Objects now: 3185.
Total: 2.413600 ms (FindLiveObjects: 0.237300 ms CreateObjectMapping: 0.107000 ms MarkObjects: 2.038400 ms  DeleteObjects: 0.029800 ms)

========================================================================
Received Import Request.
  Time since last request: 12.011461 seconds.
  path: Assets/Scripts/WhistleEditor.cs
  artifactKey: Guid(8d2c7d2f36f27e64495b44f24e5e717b) Importer(815301076,1909f56bfc062723c751e8b465ee728b)
Start importing Assets/Scripts/WhistleEditor.cs using Guid(8d2c7d2f36f27e64495b44f24e5e717b) Importer(815301076,1909f56bfc062723c751e8b465ee728b)  -> (artifact id: '55f882d0aa5d3b0fe5ce301247e6b827') in 0.006553 seconds 
========================================================================
Received Prepare
Registering precompiled user dll's ...
Registered in 0.006751 seconds.
Begin MonoManager ReloadAssembly
Native extension for WindowsStandalone target not found
Refreshing native plugins compatible for Editor in 0.45 ms, found 1 plugins.
Preloading 0 native plugins for Editor in 0.00 ms.
Mono: successfully reloaded assembly
- Completed reload, in  0.990 seconds
Platform modules already initialized, skipping
Refreshing native plugins compatible for Editor in 0.47 ms, found 1 plugins.
Preloading 0 native plugins for Editor in 0.00 ms.
Unloading 2668 Unused Serialized files (Serialized files now loaded: 0)
System memory in use before: 102.1 MB.
System memory in use after: 102.4 MB.

Unloading 9 unused Assets to reduce memory usage. Loaded Objects now: 3188.
Total: 2.174600 ms (FindLiveObjects: 0.217000 ms CreateObjectMapping: 0.114000 ms MarkObjects: 1.813600 ms  DeleteObjects: 0.029100 ms)

========================================================================
Received Prepare
Registering precompiled user dll's ...
Registered in 0.005337 seconds.
Begin MonoManager ReloadAssembly
Native extension for WindowsStandalone target not found
Refreshing native plugins compatible for Editor in 0.49 ms, found 1 plugins.
Preloading 0 native plugins for Editor in 0.00 ms.
Mono: successfully reloaded assembly
- Completed reload, in  0.937 seconds
Platform modules already initialized, skipping
Refreshing native plugins compatible for Editor in 0.83 ms, found 1 plugins.
Preloading 0 native plugins for Editor in 0.00 ms.
Unloading 2668 Unused Serialized files (Serialized files now loaded: 0)
System memory in use before: 102.1 MB.
System memory in use after: 102.4 MB.

Unloading 9 unused Assets to reduce memory usage. Loaded Objects now: 3191.
Total: 2.212500 ms (FindLiveObjects: 0.239700 ms CreateObjectMapping: 0.112000 ms MarkObjects: 1.840400 ms  DeleteObjects: 0.019400 ms)

========================================================================
Received Prepare
Registering precompiled user dll's ...
Registered in 0.006253 seconds.
Begin MonoManager ReloadAssembly
Native extension for WindowsStandalone target not found
Refreshing native plugins compatible for Editor in 0.45 ms, found 1 plugins.
Preloading 0 native plugins for Editor in 0.00 ms.
Mono: successfully reloaded assembly
- Completed reload, in  0.929 seconds
Platform modules already initialized, skipping
Refreshing native plugins compatible for Editor in 0.52 ms, found 1 plugins.
Preloading 0 native plugins for Editor in 0.00 ms.
Unloading 2668 Unused Serialized files (Serialized files now loaded: 0)
System memory in use before: 102.2 MB.
System memory in use after: 102.4 MB.

Unloading 9 unused Assets to reduce memory usage. Loaded Objects now: 3194.
Total: 2.103700 ms (FindLiveObjects: 0.203300 ms CreateObjectMapping: 0.114600 ms MarkObjects: 1.738600 ms  DeleteObjects: 0.046200 ms)

========================================================================
Received Prepare
Registering precompiled user dll's ...
Registered in 0.005414 seconds.
Begin MonoManager ReloadAssembly
Native extension for WindowsStandalone target not found
Refreshing native plugins compatible for Editor in 0.48 ms, found 1 plugins.
Preloading 0 native plugins for Editor in 0.00 ms.
Mono: successfully reloaded assembly
- Completed reload, in  0.902 seconds
Platform modules already initialized, skipping
Refreshing native plugins compatible for Editor in 0.55 ms, found 1 plugins.
Preloading 0 native plugins for Editor in 0.00 ms.
Unloading 2668 Unused Serialized files (Serialized files now loaded: 0)
System memory in use before: 102.2 MB.
System memory in use after: 102.4 MB.

Unloading 9 unused Assets to reduce memory usage. Loaded Objects now: 3197.
Total: 2.056200 ms (FindLiveObjects: 0.206400 ms CreateObjectMapping: 0.088300 ms MarkObjects: 1.748100 ms  DeleteObjects: 0.012800 ms)

========================================================================
Received Prepare
Registering precompiled user dll's ...
Registered in 0.006972 seconds.
Begin MonoManager ReloadAssembly
Native extension for WindowsStandalone target not found
Refreshing native plugins compatible for Editor in 0.45 ms, found 1 plugins.
Preloading 0 native plugins for Editor in 0.00 ms.
Mono: successfully reloaded assembly
- Completed reload, in  0.887 seconds
Platform modules already initialized, skipping
Refreshing native plugins compatible for Editor in 0.83 ms, found 1 plugins.
Preloading 0 native plugins for Editor in 0.00 ms.
Unloading 2668 Unused Serialized files (Serialized files now loaded: 0)
System memory in use before: 102.2 MB.
System memory in use after: 102.4 MB.

Unloading 9 unused Assets to reduce memory usage. Loaded Objects now: 3200.
Total: 2.407100 ms (FindLiveObjects: 0.234200 ms CreateObjectMapping: 0.106300 ms MarkObjects: 2.048000 ms  DeleteObjects: 0.017300 ms)

========================================================================
Received Prepare
Registering precompiled user dll's ...
Registered in 0.007296 seconds.
Begin MonoManager ReloadAssembly
Native extension for WindowsStandalone target not found
Refreshing native plugins compatible for Editor in 0.59 ms, found 1 plugins.
Preloading 0 native plugins for Editor in 0.00 ms.
Mono: successfully reloaded assembly
- Completed reload, in  1.022 seconds
Platform modules already initialized, skipping
Refreshing native plugins compatible for Editor in 0.49 ms, found 1 plugins.
Preloading 0 native plugins for Editor in 0.00 ms.
Unloading 2668 Unused Serialized files (Serialized files now loaded: 0)
System memory in use before: 102.2 MB.
System memory in use after: 102.4 MB.

Unloading 9 unused Assets to reduce memory usage. Loaded Objects now: 3203.
Total: 1.873200 ms (FindLiveObjects: 0.215300 ms CreateObjectMapping: 0.125400 ms MarkObjects: 1.516800 ms  DeleteObjects: 0.015000 ms)

========================================================================
Received Prepare
Registering precompiled user dll's ...
Registered in 0.005482 seconds.
Begin MonoManager ReloadAssembly
Native extension for WindowsStandalone target not found
Refreshing native plugins compatible for Editor in 0.45 ms, found 1 plugins.
Preloading 0 native plugins for Editor in 0.00 ms.
Mono: successfully reloaded assembly
- Completed reload, in  0.908 seconds
Platform modules already initialized, skipping
Refreshing native plugins compatible for Editor in 0.75 ms, found 1 plugins.
Preloading 0 native plugins for Editor in 0.00 ms.
Unloading 2668 Unused Serialized files (Serialized files now loaded: 0)
System memory in use before: 102.2 MB.
System memory in use after: 102.4 MB.

Unloading 9 unused Assets to reduce memory usage. Loaded Objects now: 3206.
Total: 2.205200 ms (FindLiveObjects: 0.280000 ms CreateObjectMapping: 0.096300 ms MarkObjects: 1.786400 ms  DeleteObjects: 0.041400 ms)

========================================================================
Received Prepare
Registering precompiled user dll's ...
Registered in 0.005471 seconds.
Begin MonoManager ReloadAssembly
Native extension for WindowsStandalone target not found
Refreshing native plugins compatible for Editor in 0.52 ms, found 1 plugins.
Preloading 0 native plugins for Editor in 0.00 ms.
Mono: successfully reloaded assembly
- Completed reload, in  0.968 seconds
Platform modules already initialized, skipping
Refreshing native plugins compatible for Editor in 0.58 ms, found 1 plugins.
Preloading 0 native plugins for Editor in 0.00 ms.
Unloading 2668 Unused Serialized files (Serialized files now loaded: 0)
System memory in use before: 102.2 MB.
System memory in use after: 102.4 MB.

Unloading 9 unused Assets to reduce memory usage. Loaded Objects now: 3209.
Total: 2.226700 ms (FindLiveObjects: 0.250700 ms CreateObjectMapping: 0.197300 ms MarkObjects: 1.743000 ms  DeleteObjects: 0.034900 ms)

========================================================================
Received Prepare
Registering precompiled user dll's ...
Registered in 0.005740 seconds.
Begin MonoManager ReloadAssembly
Native extension for WindowsStandalone target not found
Refreshing native plugins compatible for Editor in 0.45 ms, found 1 plugins.
Preloading 0 native plugins for Editor in 0.00 ms.
Mono: successfully reloaded assembly
- Completed reload, in  0.974 seconds
Platform modules already initialized, skipping
Refreshing native plugins compatible for Editor in 0.70 ms, found 1 plugins.
Preloading 0 native plugins for Editor in 0.00 ms.
Unloading 2668 Unused Serialized files (Serialized files now loaded: 0)
System memory in use before: 102.2 MB.
System memory in use after: 102.4 MB.

Unloading 9 unused Assets to reduce memory usage. Loaded Objects now: 3212.
Total: 2.164000 ms (FindLiveObjects: 0.219500 ms CreateObjectMapping: 0.129900 ms MarkObjects: 1.781600 ms  DeleteObjects: 0.031900 ms)

========================================================================
Received Prepare
Registering precompiled user dll's ...
Registered in 0.006381 seconds.
Begin MonoManager ReloadAssembly
Native extension for WindowsStandalone target not found
Refreshing native plugins compatible for Editor in 0.44 ms, found 1 plugins.
Preloading 0 native plugins for Editor in 0.00 ms.
Mono: successfully reloaded assembly
- Completed reload, in  1.021 seconds
Platform modules already initialized, skipping
Refreshing native plugins compatible for Editor in 0.49 ms, found 1 plugins.
Preloading 0 native plugins for Editor in 0.00 ms.
Unloading 2668 Unused Serialized files (Serialized files now loaded: 0)
System memory in use before: 102.2 MB.
System memory in use after: 102.4 MB.

Unloading 9 unused Assets to reduce memory usage. Loaded Objects now: 3215.
Total: 2.408800 ms (FindLiveObjects: 0.246900 ms CreateObjectMapping: 0.134900 ms MarkObjects: 1.981800 ms  DeleteObjects: 0.044400 ms)

AssetImportWorkerClient::OnTransportError - code=2 error=End of file
